app/build/outputs/logs/manifest-merger-release-report.txt
-- Merging decision tree log ---
manifest
ADDED from src\main\AndroidManifest.xml:2:1-422:12
	package
		ADDED from src\main\AndroidManifest.xml:3:5-33
		INJECTED from src\main\AndroidManifest.xml
		INJECTED from src\main\AndroidManifest.xml
	android:versionName
		INJECTED from src\main\AndroidManifest.xml
		INJECTED from src\main\AndroidManifest.xml
	xmlns:android
		ADDED from src\main\AndroidManifest.xml:2:11-69
	android:versionCode
		INJECTED from src\main\AndroidManifest.xml
		INJECTED from src\main\AndroidManifest.xml
uses-sdk
ADDED from src\main\AndroidManifest.xml:6:5-8:41
MERGED from [com.android.support:multidex:1.0.1] AndroidManifest.xml:18:5-42
MERGED from [com.android.support:appcompat-v7:25.3.1] AndroidManifest.xml:21:5-23:78
MERGED from [com.android.support:support-v4:25.3.1] AndroidManifest.xml:21:5-23:54
MERGED from [com.android.support:support-fragment:25.3.1] AndroidManifest.xml:21:5-23:60
MERGED from [com.android.support:support-media-compat:25.3.1] AndroidManifest.xml:21:5-23:63
MERGED from [com.android.support:support-core-ui:25.3.1] AndroidManifest.xml:21:5-23:58
MERGED from [com.android.support:support-core-utils:25.3.1] AndroidManifest.xml:21:5-23:61
MERGED from [com.android.support:animated-vector-drawable:25.3.1] AndroidManifest.xml:20:5-44
MERGED from [com.android.support:support-vector-drawable:25.3.1] AndroidManifest.xml:20:5-43
MERGED from [com.android.support:support-compat:25.3.1] AndroidManifest.xml:21:5-23:58
MERGED from [cxwpoject:refreshlibrary:unspecified] AndroidManifest.xml:7:5-9:41
	tools:overrideLibrary
		ADDED from [com.android.support:appcompat-v7:25.3.1] AndroidManifest.xml:23:9-75
	android:targetSdkVersion
		ADDED from src\main\AndroidManifest.xml:8:9-38
		INJECTED from src\main\AndroidManifest.xml
		INJECTED from src\main\AndroidManifest.xml
	android:minSdkVersion
		ADDED from src\main\AndroidManifest.xml:7:9-35
		INJECTED from src\main\AndroidManifest.xml
		INJECTED from src\main\AndroidManifest.xml
uses-permission#android.permission.INTERNET
ADDED from src\main\AndroidManifest.xml:10:5-67
	android:name
		ADDED from src\main\AndroidManifest.xml:10:22-64
uses-permission#android.permission.ACCESS_NETWORK_STATE
ADDED from src\main\AndroidManifest.xml:11:5-79
	android:name
		ADDED from src\main\AndroidManifest.xml:11:22-76
uses-permission#android.permission.CHANGE_WIFI_STATE
ADDED from src\main\AndroidManifest.xml:12:5-76
	android:name
		ADDED from src\main\AndroidManifest.xml:12:22-73
uses-permission#android.permission.WAKE_LOCK
ADDED from src\main\AndroidManifest.xml:13:5-68
	android:name
		ADDED from src\main\AndroidManifest.xml:13:22-65
uses-permission#android.permission.RECEIVE_BOOT_COMPLETED
ADDED from src\main\AndroidManifest.xml:14:5-81
	android:name
		ADDED from src\main\AndroidManifest.xml:14:22-78
uses-permission#android.permission.VIBRATE
ADDED from src\main\AndroidManifest.xml:15:5-66
	android:name
		ADDED from src\main\AndroidManifest.xml:15:22-63
uses-permission#android.permission.FLASHLIGHT
ADDED from src\main\AndroidManifest.xml:16:5-69
	android:name
		ADDED from src\main\AndroidManifest.xml:16:22-66
uses-permission#android.permission.GET_TASKS
ADDED from src\main\AndroidManifest.xml:17:5-68
	android:name
		ADDED from src\main\AndroidManifest.xml:17:22-65
uses-permission#android.permission.READ_PHONE_STATE
ADDED from src\main\AndroidManifest.xml:18:5-75
	android:name
		ADDED from src\main\AndroidManifest.xml:18:22-72
uses-permission#android.permission.CHANGE_CONFIGURATION
ADDED from src\main\AndroidManifest.xml:19:5-79
	android:name
		ADDED from src\main\AndroidManifest.xml:19:22-76
uses-permission#android.permission.SET_DEBUG_APP
ADDED from src\main\AndroidManifest.xml:21:5-72
	android:name
		ADDED from src\main\AndroidManifest.xml:21:22-69
uses-permission#android.permission.GET_ACCOUNTS
ADDED from src\main\AndroidManifest.xml:22:5-71
	android:name
		ADDED from src\main\AndroidManifest.xml:22:22-68
uses-permission#android.permission.USE_CREDENTIALS
ADDED from src\main\AndroidManifest.xml:23:5-74
	android:name
		ADDED from src\main\AndroidManifest.xml:23:22-71
uses-permission#android.permission.MANAGE_ACCOUNTS
ADDED from src\main\AndroidManifest.xml:24:5-74
	android:name
		ADDED from src\main\AndroidManifest.xml:24:22-71
uses-permission#android.permission.MOUNT_UNMOUNT_FILESYSTEMS
ADDED from src\main\AndroidManifest.xml:26:5-84
	android:name
		ADDED from src\main\AndroidManifest.xml:26:22-81
uses-permission#android.permission.WRITE_EXTERNAL_STORAGE
ADDED from src\main\AndroidManifest.xml:28:5-81
	android:name
		ADDED from src\main\AndroidManifest.xml:28:22-78
uses-permission#android.permission.CALL_PHONE
ADDED from src\main\AndroidManifest.xml:30:5-69
	android:name
		ADDED from src\main\AndroidManifest.xml:30:22-66
uses-permission#android.permission.CAMERA
ADDED from src\main\AndroidManifest.xml:31:5-65
	android:name
		ADDED from src\main\AndroidManifest.xml:31:22-62
uses-permission#android.permission.rece
ADDED from src\main\AndroidManifest.xml:32:5-63
	android:name
		ADDED from src\main\AndroidManifest.xml:32:22-60
uses-feature#android.hardware.camera
ADDED from src\main\AndroidManifest.xml:34:5-60
	android:name
		ADDED from src\main\AndroidManifest.xml:34:19-57
uses-feature#android.hardware.camera.autofocus
ADDED from src\main\AndroidManifest.xml:35:5-70
	android:name
		ADDED from src\main\AndroidManifest.xml:35:19-67
uses-permission#android.permission.ACCESS_COARSE_LOCATION
ADDED from src\main\AndroidManifest.xml:37:5-81
	android:name
		ADDED from src\main\AndroidManifest.xml:37:22-78
uses-permission#android.permission.ACCESS_FINE_LOCATION
ADDED from src\main\AndroidManifest.xml:38:5-79
	android:name
		ADDED from src\main\AndroidManifest.xml:38:22-76
uses-permission#android.permission.SYSTEM_ALERT_WINDOW
ADDED from src\main\AndroidManifest.xml:40:5-78
	android:name
		ADDED from src\main\AndroidManifest.xml:40:22-75
uses-permission#android.permission.BLUETOOTH
ADDED from src\main\AndroidManifest.xml:42:5-68
	android:name
		ADDED from src\main\AndroidManifest.xml:42:22-65
uses-permission#android.permission.BLUETOOTH_ADMIN
ADDED from src\main\AndroidManifest.xml:43:5-74
	android:name
		ADDED from src\main\AndroidManifest.xml:43:22-71
uses-permission#android.permission.DISABLE_KEYGUARD
ADDED from src\main\AndroidManifest.xml:44:5-75
	android:name
		ADDED from src\main\AndroidManifest.xml:44:22-72
uses-permission#android.permission.ACCESS_WIFI_STATE
ADDED from src\main\AndroidManifest.xml:45:5-76
	android:name
		ADDED from src\main\AndroidManifest.xml:45:22-73
uses-permission#android.permission.READ_LOGS
ADDED from src\main\AndroidManifest.xml:46:5-68
	android:name
		ADDED from src\main\AndroidManifest.xml:46:22-65
uses-permission#android.permission.RECORD_AUDIO
ADDED from src\main\AndroidManifest.xml:47:5-71
	android:name
		ADDED from src\main\AndroidManifest.xml:47:22-68
uses-permission#android.permission.READ_EXTERNAL_STORAGE
ADDED from src\main\AndroidManifest.xml:49:5-80
	android:name
		ADDED from src\main\AndroidManifest.xml:49:22-77
uses-permission#getui.permission.GetuiService.com.cxw.cxwproject
ADDED from src\main\AndroidManifest.xml:52:5-88
	android:name
		ADDED from src\main\AndroidManifest.xml:52:22-85
uses-permission#android.permission.READ_CONTACTS
ADDED from src\main\AndroidManifest.xml:54:5-72
	android:name
		ADDED from src\main\AndroidManifest.xml:54:22-69
uses-permission#android.permission.WRITE_CONTACTS
ADDED from src\main\AndroidManifest.xml:55:5-73
	android:name
		ADDED from src\main\AndroidManifest.xml:55:22-70
supports-screens
ADDED from src\main\AndroidManifest.xml:57:5-62:39
	android:largeScreens
		ADDED from src\main\AndroidManifest.xml:59:9-36
	android:smallScreens
		ADDED from src\main\AndroidManifest.xml:62:9-36
	android:normalScreens
		ADDED from src\main\AndroidManifest.xml:60:9-37
	android:resizeable
		ADDED from src\main\AndroidManifest.xml:61:9-34
	android:anyDensity
		ADDED from src\main\AndroidManifest.xml:58:9-34
application
ADDED from src\main\AndroidManifest.xml:64:5-420:19
MERGED from [com.android.support:appcompat-v7:25.3.1] AndroidManifest.xml:29:5-20
MERGED from [com.android.support:support-v4:25.3.1] AndroidManifest.xml:29:5-20
MERGED from [com.android.support:support-fragment:25.3.1] AndroidManifest.xml:29:5-20
MERGED from [com.android.support:support-media-compat:25.3.1] AndroidManifest.xml:29:5-20
MERGED from [com.android.support:support-core-ui:25.3.1] AndroidManifest.xml:29:5-20
MERGED from [com.android.support:support-core-utils:25.3.1] AndroidManifest.xml:29:5-20
MERGED from [com.android.support:animated-vector-drawable:25.3.1] AndroidManifest.xml:26:5-20
MERGED from [com.android.support:support-vector-drawable:25.3.1] AndroidManifest.xml:26:5-20
MERGED from [com.android.support:support-compat:25.3.1] AndroidManifest.xml:29:5-20
MERGED from [cxwpoject:refreshlibrary:unspecified] AndroidManifest.xml:11:5-20
	android:label
		ADDED from src\main\AndroidManifest.xml:68:9-41
	android:supportsRtl
		ADDED from src\main\AndroidManifest.xml:69:9-35
	android:allowBackup
		ADDED from src\main\AndroidManifest.xml:66:9-35
	android:icon
		ADDED from src\main\AndroidManifest.xml:67:9-42
	android:theme
		ADDED from src\main\AndroidManifest.xml:70:9-40
	android:name
		ADDED from src\main\AndroidManifest.xml:65:9-48
activity#com.cxw.cxwproject.activity.StartApp
ADDED from src\main\AndroidManifest.xml:71:9-80:20
	android:label
		ADDED from src\main\AndroidManifest.xml:73:13-45
	android:theme
		ADDED from src\main\AndroidManifest.xml:74:13-47
	android:name
		ADDED from src\main\AndroidManifest.xml:72:13-64
intent-filter#android.intent.action.MAIN+android.intent.category.LAUNCHER
ADDED from src\main\AndroidManifest.xml:75:13-79:29
action#android.intent.action.MAIN
ADDED from src\main\AndroidManifest.xml:76:17-69
	android:name
		ADDED from src\main\AndroidManifest.xml:76:25-66
category#android.intent.category.LAUNCHER
ADDED from src\main\AndroidManifest.xml:78:17-77
	android:name
		ADDED from src\main\AndroidManifest.xml:78:27-74
activity#com.cxw.cxwproject.activity.HomeActivity
ADDED from src\main\AndroidManifest.xml:81:9-84:47
	android:label
		ADDED from src\main\AndroidManifest.xml:83:13-31
	android:launchMode
		ADDED from src\main\AndroidManifest.xml:84:13-44
	android:name
		ADDED from src\main\AndroidManifest.xml:82:13-68
activity#com.cxw.cxwproject.activity.AdminActivity
ADDED from src\main\AndroidManifest.xml:85:9-87:36
	android:label
		ADDED from src\main\AndroidManifest.xml:87:13-33
	android:name
		ADDED from src\main\AndroidManifest.xml:86:13-69
activity#com.cxw.cxwproject.activity.EvaluateActivity
ADDED from src\main\AndroidManifest.xml:88:9-90:36
	android:label
		ADDED from src\main\AndroidManifest.xml:90:13-33
	android:name
		ADDED from src\main\AndroidManifest.xml:89:13-72
activity#com.cxw.cxwproject.activity.OpinionActivity
ADDED from src\main\AndroidManifest.xml:91:9-94:52
	android:screenOrientation
		ADDED from src\main\AndroidManifest.xml:94:13-49
	android:label
		ADDED from src\main\AndroidManifest.xml:93:13-33
	android:name
		ADDED from src\main\AndroidManifest.xml:92:13-71
activity#com.cxw.cxwproject.activity.HelpActivity
ADDED from src\main\AndroidManifest.xml:95:9-98:52
	android:screenOrientation
		ADDED from src\main\AndroidManifest.xml:98:13-49
	android:label
		ADDED from src\main\AndroidManifest.xml:97:13-34
	android:name
		ADDED from src\main\AndroidManifest.xml:96:13-68
activity#com.cxw.cxwproject.activity.AllEvaluateActivity
ADDED from src\main\AndroidManifest.xml:99:9-102:52
	android:screenOrientation
		ADDED from src\main\AndroidManifest.xml:102:13-49
	android:label
		ADDED from src\main\AndroidManifest.xml:101:13-33
	android:name
		ADDED from src\main\AndroidManifest.xml:100:13-75
activity#com.cxw.cxwproject.activity.NationalPageActivity
ADDED from src\main\AndroidManifest.xml:103:9-106:52
	android:screenOrientation
		ADDED from src\main\AndroidManifest.xml:106:13-49
	android:label
		ADDED from src\main\AndroidManifest.xml:105:13-35
	android:name
		ADDED from src\main\AndroidManifest.xml:104:13-76
activity#com.cxw.cxwproject.activity.ShowBigPictrueActivity
ADDED from src\main\AndroidManifest.xml:107:9-110:52
	android:screenOrientation
		ADDED from src\main\AndroidManifest.xml:110:13-49
	android:label
		ADDED from src\main\AndroidManifest.xml:109:13-35
	android:name
		ADDED from src\main\AndroidManifest.xml:108:13-78
activity#com.cxw.cxwproject.activity.MemberDataActivity
ADDED from src\main\AndroidManifest.xml:111:9-114:52
	android:screenOrientation
		ADDED from src\main\AndroidManifest.xml:114:13-49
	android:label
		ADDED from src\main\AndroidManifest.xml:113:13-33
	android:name
		ADDED from src\main\AndroidManifest.xml:112:13-74
activity#com.cxw.cxwproject.activity.MechatActivity
ADDED from src\main\AndroidManifest.xml:115:9-118:52
	android:screenOrientation
		ADDED from src\main\AndroidManifest.xml:118:13-49
	android:label
		ADDED from src\main\AndroidManifest.xml:117:13-33
	android:name
		ADDED from src\main\AndroidManifest.xml:116:13-70
activity#com.cxw.cxwproject.activity.BannerActivity
ADDED from src\main\AndroidManifest.xml:119:9-122:52
	android:screenOrientation
		ADDED from src\main\AndroidManifest.xml:122:13-49
	android:label
		ADDED from src\main\AndroidManifest.xml:121:13-33
	android:name
		ADDED from src\main\AndroidManifest.xml:120:13-70
activity#com.cxw.cxwproject.activity.DetailsActivity
ADDED from src\main\AndroidManifest.xml:123:9-126:52
	android:screenOrientation
		ADDED from src\main\AndroidManifest.xml:126:13-49
	android:label
		ADDED from src\main\AndroidManifest.xml:125:13-33
	android:name
		ADDED from src\main\AndroidManifest.xml:124:13-71
activity#com.cxw.cxwproject.activity.AddressActivity
ADDED from src\main\AndroidManifest.xml:127:9-130:52
	android:screenOrientation
		ADDED from src\main\AndroidManifest.xml:130:13-49
	android:label
		ADDED from src\main\AndroidManifest.xml:129:13-33
	android:name
		ADDED from src\main\AndroidManifest.xml:128:13-71
activity#com.cxw.cxwproject.activity.AddressAddActivity
ADDED from src\main\AndroidManifest.xml:131:9-134:52
	android:screenOrientation
		ADDED from src\main\AndroidManifest.xml:134:13-49
	android:label
		ADDED from src\main\AndroidManifest.xml:133:13-33
	android:name
		ADDED from src\main\AndroidManifest.xml:132:13-74
activity#com.cxw.cxwproject.activity.CollectionActivity
ADDED from src\main\AndroidManifest.xml:135:9-138:52
	android:screenOrientation
		ADDED from src\main\AndroidManifest.xml:138:13-49
	android:label
		ADDED from src\main\AndroidManifest.xml:137:13-33
	android:name
		ADDED from src\main\AndroidManifest.xml:136:13-74
activity#com.cxw.cxwproject.activity.AdvertisementActivity
ADDED from src\main\AndroidManifest.xml:139:9-142:52
	android:screenOrientation
		ADDED from src\main\AndroidManifest.xml:142:13-49
	android:label
		ADDED from src\main\AndroidManifest.xml:141:13-33
	android:name
		ADDED from src\main\AndroidManifest.xml:140:13-77
activity#com.cxw.cxwproject.activity.StatementActivity
ADDED from src\main\AndroidManifest.xml:143:9-146:52
	android:screenOrientation
		ADDED from src\main\AndroidManifest.xml:146:13-49
	android:label
		ADDED from src\main\AndroidManifest.xml:145:13-33
	android:name
		ADDED from src\main\AndroidManifest.xml:144:13-73
activity#com.cxw.cxwproject.activity.OrderManagementActivity
ADDED from src\main\AndroidManifest.xml:147:9-150:52
	android:screenOrientation
		ADDED from src\main\AndroidManifest.xml:150:13-49
	android:label
		ADDED from src\main\AndroidManifest.xml:149:13-33
	android:name
		ADDED from src\main\AndroidManifest.xml:148:13-79
activity#com.cxw.cxwproject.activity.AddressEditActivity
ADDED from src\main\AndroidManifest.xml:151:9-154:52
	android:screenOrientation
		ADDED from src\main\AndroidManifest.xml:154:13-49
	android:label
		ADDED from src\main\AndroidManifest.xml:153:13-33
	android:name
		ADDED from src\main\AndroidManifest.xml:152:13-75
activity#com.cxw.cxwproject.activity.PayBuyActivity
ADDED from src\main\AndroidManifest.xml:155:9-160:50
	android:screenOrientation
		ADDED from src\main\AndroidManifest.xml:160:13-47
	android:label
		ADDED from src\main\AndroidManifest.xml:159:13-33
	android:exported
		ADDED from src\main\AndroidManifest.xml:158:13-37
	android:configChanges
		ADDED from src\main\AndroidManifest.xml:157:13-74
	android:name
		ADDED from src\main\AndroidManifest.xml:156:13-70
activity#com.cxw.cxwproject.activity.SetupActivity
ADDED from src\main\AndroidManifest.xml:161:9-164:52
	android:screenOrientation
		ADDED from src\main\AndroidManifest.xml:164:13-49
	android:label
		ADDED from src\main\AndroidManifest.xml:163:13-33
	android:name
		ADDED from src\main\AndroidManifest.xml:162:13-69
activity#com.cxw.cxwproject.activity.NoticeActivity
ADDED from src\main\AndroidManifest.xml:165:9-168:52
	android:screenOrientation
		ADDED from src\main\AndroidManifest.xml:168:13-49
	android:label
		ADDED from src\main\AndroidManifest.xml:167:13-33
	android:name
		ADDED from src\main\AndroidManifest.xml:166:13-70
activity#com.cxw.cxwproject.activity.SignActivity
ADDED from src\main\AndroidManifest.xml:169:9-172:52
	android:screenOrientation
		ADDED from src\main\AndroidManifest.xml:172:13-49
	android:label
		ADDED from src\main\AndroidManifest.xml:171:13-33
	android:name
		ADDED from src\main\AndroidManifest.xml:170:13-68
activity#com.cxw.cxwproject.activity.NotificationDetailsActivity
ADDED from src\main\AndroidManifest.xml:173:9-176:52
	android:screenOrientation
		ADDED from src\main\AndroidManifest.xml:176:13-49
	android:label
		ADDED from src\main\AndroidManifest.xml:175:13-33
	android:name
		ADDED from src\main\AndroidManifest.xml:174:13-83
activity#com.cxw.cxwproject.activity.BuyOrderActivity
ADDED from src\main\AndroidManifest.xml:177:9-181:55
	android:screenOrientation
		ADDED from src\main\AndroidManifest.xml:180:13-49
	android:label
		ADDED from src\main\AndroidManifest.xml:179:13-34
	android:windowSoftInputMode
		ADDED from src\main\AndroidManifest.xml:181:13-52
	android:name
		ADDED from src\main\AndroidManifest.xml:178:13-72
activity#com.cxw.cxwproject.activity.OrderDetailsActivity
ADDED from src\main\AndroidManifest.xml:182:9-185:52
	android:screenOrientation
		ADDED from src\main\AndroidManifest.xml:185:13-49
	android:label
		ADDED from src\main\AndroidManifest.xml:184:13-33
	android:name
		ADDED from src\main\AndroidManifest.xml:183:13-76
activity#com.cxw.cxwproject.activity.AboutusActivity
ADDED from src\main\AndroidManifest.xml:186:9-189:52
	android:screenOrientation
		ADDED from src\main\AndroidManifest.xml:189:13-49
	android:label
		ADDED from src\main\AndroidManifest.xml:188:13-33
	android:name
		ADDED from src\main\AndroidManifest.xml:187:13-71
activity#com.cxw.cxwproject.activity.NoviceActivity
ADDED from src\main\AndroidManifest.xml:190:9-193:52
	android:screenOrientation
		ADDED from src\main\AndroidManifest.xml:193:13-49
	android:label
		ADDED from src\main\AndroidManifest.xml:192:13-32
	android:name
		ADDED from src\main\AndroidManifest.xml:191:13-70
activity#com.cxw.cxwproject.activity.CopyrightActivity
ADDED from src\main\AndroidManifest.xml:194:9-197:52
	android:screenOrientation
		ADDED from src\main\AndroidManifest.xml:197:13-49
	android:label
		ADDED from src\main\AndroidManifest.xml:196:13-33
	android:name
		ADDED from src\main\AndroidManifest.xml:195:13-73
activity#com.cxw.cxwproject.activity.NicknameActivity
ADDED from src\main\AndroidManifest.xml:198:9-201:52
	android:screenOrientation
		ADDED from src\main\AndroidManifest.xml:201:13-49
	android:label
		ADDED from src\main\AndroidManifest.xml:200:13-33
	android:name
		ADDED from src\main\AndroidManifest.xml:199:13-72
activity#com.cxw.cxwproject.activity.ShopSimpleActivity
ADDED from src\main\AndroidManifest.xml:202:9-205:52
	android:screenOrientation
		ADDED from src\main\AndroidManifest.xml:205:13-49
	android:label
		ADDED from src\main\AndroidManifest.xml:204:13-33
	android:name
		ADDED from src\main\AndroidManifest.xml:203:13-74
activity#com.cxw.cxwproject.activity.GenderActivity
ADDED from src\main\AndroidManifest.xml:206:9-209:52
	android:screenOrientation
		ADDED from src\main\AndroidManifest.xml:209:13-49
	android:label
		ADDED from src\main\AndroidManifest.xml:208:13-33
	android:name
		ADDED from src\main\AndroidManifest.xml:207:13-70
activity#com.cxw.cxwproject.activity.NewsSetupActivity
ADDED from src\main\AndroidManifest.xml:210:9-213:52
	android:screenOrientation
		ADDED from src\main\AndroidManifest.xml:213:13-49
	android:label
		ADDED from src\main\AndroidManifest.xml:212:13-35
	android:name
		ADDED from src\main\AndroidManifest.xml:211:13-73
activity#com.cxw.cxwproject.activity.ExplainActivity
ADDED from src\main\AndroidManifest.xml:214:9-217:52
	android:screenOrientation
		ADDED from src\main\AndroidManifest.xml:217:13-49
	android:label
		ADDED from src\main\AndroidManifest.xml:216:13-33
	android:name
		ADDED from src\main\AndroidManifest.xml:215:13-71
activity#com.cxw.cxwproject.activity.MoreEthnicActivity
ADDED from src\main\AndroidManifest.xml:218:9-221:52
	android:screenOrientation
		ADDED from src\main\AndroidManifest.xml:221:13-49
	android:label
		ADDED from src\main\AndroidManifest.xml:220:13-33
	android:name
		ADDED from src\main\AndroidManifest.xml:219:13-74
activity#com.cxw.cxwproject.activity.LoginActivity
ADDED from src\main\AndroidManifest.xml:222:9-226:55
	android:screenOrientation
		ADDED from src\main\AndroidManifest.xml:225:13-49
	android:label
		ADDED from src\main\AndroidManifest.xml:224:13-33
	android:windowSoftInputMode
		ADDED from src\main\AndroidManifest.xml:226:13-52
	android:name
		ADDED from src\main\AndroidManifest.xml:223:13-69
activity#com.cxw.cxwproject.activity.RegistrationActivity
ADDED from src\main\AndroidManifest.xml:227:9-231:55
	android:screenOrientation
		ADDED from src\main\AndroidManifest.xml:230:13-49
	android:label
		ADDED from src\main\AndroidManifest.xml:229:13-33
	android:windowSoftInputMode
		ADDED from src\main\AndroidManifest.xml:231:13-52
	android:name
		ADDED from src\main\AndroidManifest.xml:228:13-76
activity#com.cxw.cxwproject.activity.ForgetPasswordActivity
ADDED from src\main\AndroidManifest.xml:232:9-236:55
	android:screenOrientation
		ADDED from src\main\AndroidManifest.xml:235:13-49
	android:label
		ADDED from src\main\AndroidManifest.xml:234:13-33
	android:windowSoftInputMode
		ADDED from src\main\AndroidManifest.xml:236:13-52
	android:name
		ADDED from src\main\AndroidManifest.xml:233:13-78
activity#com.cxw.cxwproject.activity.GeneralizedIntegralActivity
ADDED from src\main\AndroidManifest.xml:237:9-241:55
	android:screenOrientation
		ADDED from src\main\AndroidManifest.xml:240:13-49
	android:label
		ADDED from src\main\AndroidManifest.xml:239:13-36
	android:windowSoftInputMode
		ADDED from src\main\AndroidManifest.xml:241:13-52
	android:name
		ADDED from src\main\AndroidManifest.xml:238:13-83
receiver#com.cxw.cxwproject.receiver.AlarmReceiver
ADDED from src\main\AndroidManifest.xml:243:9-245:41
	android:process
		ADDED from src\main\AndroidManifest.xml:245:13-38
	android:name
		ADDED from src\main\AndroidManifest.xml:244:13-69
meta-data#PUSH_APPID
ADDED from src\main\AndroidManifest.xml:247:9-249:54
	android:value
		ADDED from src\main\AndroidManifest.xml:249:13-51
	android:name
		ADDED from src\main\AndroidManifest.xml:248:13-38
meta-data#PUSH_APPKEY
ADDED from src\main\AndroidManifest.xml:250:9-252:54
	android:value
		ADDED from src\main\AndroidManifest.xml:252:13-51
	android:name
		ADDED from src\main\AndroidManifest.xml:251:13-39
meta-data#PUSH_APPSECRET
ADDED from src\main\AndroidManifest.xml:253:9-255:54
	android:value
		ADDED from src\main\AndroidManifest.xml:255:13-51
	android:name
		ADDED from src\main\AndroidManifest.xml:254:13-42
receiver#com.getui.push.PushDemoReceiver
ADDED from src\main\AndroidManifest.xml:257:9-263:20
	android:exported
		ADDED from src\main\AndroidManifest.xml:259:13-37
	android:name
		ADDED from src\main\AndroidManifest.xml:258:13-59
intent-filter#com.igexin.sdk.action.uSNXQHOUHK9JLbNSWcfZU7
ADDED from src\main\AndroidManifest.xml:260:13-262:29
action#com.igexin.sdk.action.uSNXQHOUHK9JLbNSWcfZU7
ADDED from src\main\AndroidManifest.xml:261:17-87
	android:name
		ADDED from src\main\AndroidManifest.xml:261:25-84
service#com.igexin.sdk.PushService
ADDED from src\main\AndroidManifest.xml:265:9-273:19
	android:process
		ADDED from src\main\AndroidManifest.xml:269:13-43
	android:label
		ADDED from src\main\AndroidManifest.xml:268:13-47
	android:exported
		ADDED from src\main\AndroidManifest.xml:267:13-36
	android:name
		ADDED from src\main\AndroidManifest.xml:266:13-54
intent-filter#com.igexin.sdk.action.service.message
ADDED from src\main\AndroidManifest.xml:270:13-272:29
action#com.igexin.sdk.action.service.message
ADDED from src\main\AndroidManifest.xml:271:17-80
	android:name
		ADDED from src\main\AndroidManifest.xml:271:25-77
service#com.igexin.sdk.PushServiceUser
ADDED from src\main\AndroidManifest.xml:274:9-277:54
	android:label
		ADDED from src\main\AndroidManifest.xml:277:13-51
	android:exported
		ADDED from src\main\AndroidManifest.xml:276:13-36
	android:name
		ADDED from src\main\AndroidManifest.xml:275:13-58
receiver#com.igexin.sdk.PushReceiver
ADDED from src\main\AndroidManifest.xml:279:9-290:20
	android:name
		ADDED from src\main\AndroidManifest.xml:279:19-61
intent-filter#android.intent.action.ACTION_POWER_CONNECTED+android.intent.action.ACTION_POWER_DISCONNECTED+android.intent.action.BOOT_COMPLETED+android.intent.action.MEDIA_MOUNTED+android.intent.action.USER_PRESENT+android.net.conn.CONNECTIVITY_CHANGE+com.igexin.sdk.action.refreshls
ADDED from src\main\AndroidManifest.xml:280:13-289:29
action#android.intent.action.BOOT_COMPLETED
ADDED from src\main\AndroidManifest.xml:281:17-79
	android:name
		ADDED from src\main\AndroidManifest.xml:281:25-76
action#android.net.conn.CONNECTIVITY_CHANGE
ADDED from src\main\AndroidManifest.xml:282:17-79
	android:name
		ADDED from src\main\AndroidManifest.xml:282:25-76
action#android.intent.action.USER_PRESENT
ADDED from src\main\AndroidManifest.xml:283:17-77
	android:name
		ADDED from src\main\AndroidManifest.xml:283:25-74
action#com.igexin.sdk.action.refreshls
ADDED from src\main\AndroidManifest.xml:284:17-74
	android:name
		ADDED from src\main\AndroidManifest.xml:284:25-71
action#android.intent.action.MEDIA_MOUNTED
ADDED from src\main\AndroidManifest.xml:286:17-78
	android:name
		ADDED from src\main\AndroidManifest.xml:286:25-75
action#android.intent.action.ACTION_POWER_CONNECTED
ADDED from src\main\AndroidManifest.xml:287:17-87
	android:name
		ADDED from src\main\AndroidManifest.xml:287:25-84
action#android.intent.action.ACTION_POWER_DISCONNECTED
ADDED from src\main\AndroidManifest.xml:288:17-90
	android:name
		ADDED from src\main\AndroidManifest.xml:288:25-87
receiver#com.igexin.sdk.PushManagerReceiver
ADDED from src\main\AndroidManifest.xml:291:9-297:20
	android:exported
		ADDED from src\main\AndroidManifest.xml:293:13-37
	android:name
		ADDED from src\main\AndroidManifest.xml:292:13-62
intent-filter#com.igexin.sdk.action.pushmanager
ADDED from src\main\AndroidManifest.xml:294:13-296:29
action#com.igexin.sdk.action.pushmanager
ADDED from src\main\AndroidManifest.xml:295:17-76
	android:name
		ADDED from src\main\AndroidManifest.xml:295:25-73
activity#com.igexin.sdk.PushActivity
ADDED from src\main\AndroidManifest.xml:299:9-305:75
	android:process
		ADDED from src\main\AndroidManifest.xml:303:13-43
	android:excludeFromRecents
		ADDED from src\main\AndroidManifest.xml:301:13-46
	android:exported
		ADDED from src\main\AndroidManifest.xml:302:13-37
	android:theme
		ADDED from src\main\AndroidManifest.xml:305:13-72
	android:taskAffinity
		ADDED from src\main\AndroidManifest.xml:304:13-67
	android:name
		ADDED from src\main\AndroidManifest.xml:300:13-55
service#com.igexin.download.DownloadService
ADDED from src\main\AndroidManifest.xml:307:9-309:46
	android:process
		ADDED from src\main\AndroidManifest.xml:309:13-43
	android:name
		ADDED from src\main\AndroidManifest.xml:308:13-63
receiver#com.igexin.download.DownloadReceiver
ADDED from src\main\AndroidManifest.xml:311:9-315:20
	android:name
		ADDED from src\main\AndroidManifest.xml:311:19-70
intent-filter#android.net.conn.CONNECTIVITY_CHANGE
ADDED from src\main\AndroidManifest.xml:312:13-314:29
provider#com.igexin.download.DownloadProvider
ADDED from src\main\AndroidManifest.xml:317:9-321:46
	android:authorities
		ADDED from src\main\AndroidManifest.xml:319:13-63
	android:process
		ADDED from src\main\AndroidManifest.xml:321:13-43
	android:exported
		ADDED from src\main\AndroidManifest.xml:320:13-36
	android:name
		ADDED from src\main\AndroidManifest.xml:318:13-64
activity#com.igexin.sdk.GActivity
ADDED from src\main\AndroidManifest.xml:323:9-329:75
	android:process
		ADDED from src\main\AndroidManifest.xml:327:13-43
	android:excludeFromRecents
		ADDED from src\main\AndroidManifest.xml:325:13-46
	android:exported
		ADDED from src\main\AndroidManifest.xml:326:13-36
	android:theme
		ADDED from src\main\AndroidManifest.xml:329:13-72
	android:taskAffinity
		ADDED from src\main\AndroidManifest.xml:328:13-67
	android:name
		ADDED from src\main\AndroidManifest.xml:324:13-52
meta-data#UMENG_APPKEY
ADDED from src\main\AndroidManifest.xml:334:9-336:56
	android:value
		ADDED from src\main\AndroidManifest.xml:336:13-53
	android:name
		ADDED from src\main\AndroidManifest.xml:335:13-40
meta-data#UMENG_CHANNEL
ADDED from src\main\AndroidManifest.xml:337:9-339:37
	android:value
		ADDED from src\main\AndroidManifest.xml:339:13-34
	android:name
		ADDED from src\main\AndroidManifest.xml:338:13-41
activity#com.cxw.cxwproject.wxapi.WXEntryActivity
ADDED from src\main\AndroidManifest.xml:343:9-348:75
	android:screenOrientation
		ADDED from src\main\AndroidManifest.xml:347:13-49
	android:exported
		ADDED from src\main\AndroidManifest.xml:346:13-36
	android:configChanges
		ADDED from src\main\AndroidManifest.xml:345:13-74
	android:theme
		ADDED from src\main\AndroidManifest.xml:348:13-72
	android:name